Release 14.7 - xst P.20131013 (nt64)
Copyright (c) 1995-2013 Xilinx, Inc.  All rights reserved.
--> Parameter TMPDIR set to xst/projnav.tmp


Total REAL time to Xst completion: 0.00 secs
Total CPU time to Xst completion: 0.12 secs
 
--> Parameter xsthdpdir set to xst


Total REAL time to Xst completion: 0.00 secs
Total CPU time to Xst completion: 0.13 secs
 
--> Reading design: alu.prj

TABLE OF CONTENTS
  1) Synthesis Options Summary
  2) HDL Parsing
  3) HDL Elaboration
  4) HDL Synthesis
       4.1) HDL Synthesis Report
  5) Advanced HDL Synthesis
       5.1) Advanced HDL Synthesis Report
  6) Low Level Synthesis
  7) Partition Report
  8) Design Summary
       8.1) Primitive and Black Box Usage
       8.2) Device utilization summary
       8.3) Partition Resource Summary
       8.4) Timing Report
            8.4.1) Clock Information
            8.4.2) Asynchronous Control Signals Information
            8.4.3) Timing Summary
            8.4.4) Timing Details
            8.4.5) Cross Clock Domains Report


=========================================================================
*                      Synthesis Options Summary                        *
=========================================================================
---- Source Parameters
Input File Name                    : "alu.prj"
Ignore Synthesis Constraint File   : NO

---- Target Parameters
Output File Name                   : "alu"
Output Format                      : NGC
Target Device                      : xc6slx4-3-tqg144

---- Source Options
Top Module Name                    : alu
Automatic FSM Extraction           : YES
FSM Encoding Algorithm             : Auto
Safe Implementation                : No
FSM Style                          : LUT
RAM Extraction                     : Yes
RAM Style                          : Auto
ROM Extraction                     : Yes
Shift Register Extraction          : YES
ROM Style                          : Auto
Resource Sharing                   : YES
Asynchronous To Synchronous        : NO
Shift Register Minimum Size        : 2
Use DSP Block                      : Auto
Automatic Register Balancing       : No

---- Target Options
LUT Combining                      : Auto
Reduce Control Sets                : Auto
Add IO Buffers                     : YES
Global Maximum Fanout              : 100000
Add Generic Clock Buffer(BUFG)     : 16
Register Duplication               : YES
Optimize Instantiated Primitives   : NO
Use Clock Enable                   : Auto
Use Synchronous Set                : Auto
Use Synchronous Reset              : Auto
Pack IO Registers into IOBs        : Auto
Equivalent register Removal        : YES

---- General Options
Optimization Goal                  : Speed
Optimization Effort                : 1
Power Reduction                    : NO
Keep Hierarchy                     : No
Netlist Hierarchy                  : As_Optimized
RTL Output                         : Yes
Global Optimization                : AllClockNets
Read Cores                         : YES
Write Timing Constraints           : NO
Cross Clock Analysis               : NO
Hierarchy Separator                : /
Bus Delimiter                      : <>
Case Specifier                     : Maintain
Slice Utilization Ratio            : 100
BRAM Utilization Ratio             : 100
DSP48 Utilization Ratio            : 100
Auto BRAM Packing                  : NO
Slice Utilization Ratio Delta      : 5

=========================================================================


=========================================================================
*                          HDL Parsing                                  *
=========================================================================
Analyzing Verilog file "C:\Users\Parsa\Desktop\fpga\alu\alu.v" into library work
Parsing module <alu>.

=========================================================================
*                            HDL Elaboration                            *
=========================================================================

Elaborating module <alu>.
WARNING:HDLCompiler:413 - "C:\Users\Parsa\Desktop\fpga\alu\alu.v" Line 13: Result of 17-bit expression is truncated to fit in 16-bit target.
WARNING:HDLCompiler:413 - "C:\Users\Parsa\Desktop\fpga\alu\alu.v" Line 14: Result of 32-bit expression is truncated to fit in 16-bit target.

=========================================================================
*                           HDL Synthesis                               *
=========================================================================

Synthesizing Unit <alu>.
    Related source file is "C:\Users\Parsa\Desktop\fpga\alu\alu.v".
    Found 16-bit subtractor for signal <a[15]_b[15]_sub_2_OUT> created at line 12.
    Found 16-bit adder for signal <a[15]_b[15]_add_0_OUT> created at line 11.
    Found 16-bit adder for signal <a[15]_GND_1_o_add_2_OUT> created at line 13.
    Found 16-bit subtractor for signal <GND_1_o_GND_1_o_sub_4_OUT<15:0>> created at line 14.
    Found 16-bit 8-to-1 multiplexer for signal <out> created at line 10.
    Summary:
	inferred   1 Adder/Subtractor(s).
	inferred   6 Multiplexer(s).
Unit <alu> synthesized.

=========================================================================
HDL Synthesis Report

Macro Statistics
# Adders/Subtractors                                   : 1
 16-bit addsub                                         : 1
# Multiplexers                                         : 6
 1-bit 2-to-1 multiplexer                              : 1
 16-bit 2-to-1 multiplexer                             : 5
# Xors                                                 : 1
 16-bit xor2                                           : 1

=========================================================================
INFO:Xst:1767 - HDL ADVISOR - Resource sharing has identified that some arithmetic operations in this design can share the same physical resources for reduced device utilization. For improved clock frequency you may try to disable resource sharing.

=========================================================================
*                       Advanced HDL Synthesis                          *
=========================================================================


=========================================================================
Advanced HDL Synthesis Report

Macro Statistics
# Adders/Subtractors                                   : 1
 16-bit addsub                                         : 1
# Multiplexers                                         : 6
 1-bit 2-to-1 multiplexer                              : 1
 16-bit 2-to-1 multiplexer                             : 5
# Xors                                                 : 1
 16-bit xor2                                           : 1

=========================================================================

=========================================================================
*                         Low Level Synthesis                           *
=========================================================================

Optimizing unit <alu> ...

Mapping all equations...
Building and optimizing final netlist ...
Found area constraint ratio of 100 (+ 5) on block alu, actual ratio is 2.

Final Macro Processing ...

=========================================================================
Final Register Report

Found no macro
=========================================================================

=========================================================================
*                           Partition Report                            *
=========================================================================

Partition Implementation Status
-------------------------------

  No Partitions were found in this design.

-------------------------------

=========================================================================
*                            Design Summary                             *
=========================================================================

Top Level Output File Name         : alu.ngc

Primitive and Black Box Usage:
------------------------------
# BELS                             : 63
#      LUT4                        : 16
#      LUT6                        : 16
#      MUXCY                       : 15
#      XORCY                       : 16
# IO Buffers                       : 51
#      IBUF                        : 35
#      OBUF                        : 16

Device utilization summary:
---------------------------

Selected Device : 6slx4tqg144-3 


Slice Logic Utilization: 
 Number of Slice LUTs:                   32  out of   2400     1%  
    Number used as Logic:                32  out of   2400     1%  

Slice Logic Distribution: 
 Number of LUT Flip Flop pairs used:     32
   Number with an unused Flip Flop:      32  out of     32   100%  
   Number with an unused LUT:             0  out of     32     0%  
   Number of fully used LUT-FF pairs:     0  out of     32     0%  
   Number of unique control sets:         0

IO Utilization: 
 Number of IOs:                          51
 Number of bonded IOBs:                  51  out of    102    50%  

Specific Feature Utilization:

---------------------------
Partition Resource Summary:
---------------------------

  No Partitions were found in this design.

---------------------------


=========================================================================
Timing Report

NOTE: THESE TIMING NUMBERS ARE ONLY A SYNTHESIS ESTIMATE.
      FOR ACCURATE TIMING INFORMATION PLEASE REFER TO THE TRACE REPORT
      GENERATED AFTER PLACE-and-ROUTE.

Clock Information:
------------------
No clock signals found in this design

Asynchronous Control Signals Information:
----------------------------------------
No asynchronous control signals found in this design

Timing Summary:
---------------
Speed Grade: -3

   Minimum period: No path found
   Minimum input arrival time before clock: No path found
   Maximum output required time after clock: No path found
   Maximum combinational path delay: 7.862ns

Timing Details:
---------------
All values displayed in nanoseconds (ns)

=========================================================================
Timing constraint: Default path analysis
  Total number of paths / destination ports: 760 / 16
-------------------------------------------------------------------------
Delay:               7.862ns (Levels of Logic = 20)
  Source:            opcode<1> (PAD)
  Destination:       out<15> (PAD)

  Data Path: opcode<1> to out<15>
                                Gate     Net
    Cell:in->out      fanout   Delay   Delay  Logical Name (Net Name)
    ----------------------------------------  ------------
     IBUF:I->O            32   1.222   1.520  opcode_1_IBUF (opcode_1_IBUF)
     LUT4:I1->O            1   0.205   0.000  Mmux_out3_rs_lut<0> (Mmux_out3_rs_lut<0>)
     MUXCY:S->O            1   0.172   0.000  Mmux_out3_rs_cy<0> (Mmux_out3_rs_cy<0>)
     MUXCY:CI->O           1   0.019   0.000  Mmux_out3_rs_cy<1> (Mmux_out3_rs_cy<1>)
     MUXCY:CI->O           1   0.019   0.000  Mmux_out3_rs_cy<2> (Mmux_out3_rs_cy<2>)
     MUXCY:CI->O           1   0.019   0.000  Mmux_out3_rs_cy<3> (Mmux_out3_rs_cy<3>)
     MUXCY:CI->O           1   0.019   0.000  Mmux_out3_rs_cy<4> (Mmux_out3_rs_cy<4>)
     MUXCY:CI->O           1   0.019   0.000  Mmux_out3_rs_cy<5> (Mmux_out3_rs_cy<5>)
     MUXCY:CI->O           1   0.019   0.000  Mmux_out3_rs_cy<6> (Mmux_out3_rs_cy<6>)
     MUXCY:CI->O           1   0.019   0.000  Mmux_out3_rs_cy<7> (Mmux_out3_rs_cy<7>)
     MUXCY:CI->O           1   0.019   0.000  Mmux_out3_rs_cy<8> (Mmux_out3_rs_cy<8>)
     MUXCY:CI->O           1   0.019   0.000  Mmux_out3_rs_cy<9> (Mmux_out3_rs_cy<9>)
     MUXCY:CI->O           1   0.019   0.000  Mmux_out3_rs_cy<10> (Mmux_out3_rs_cy<10>)
     MUXCY:CI->O           1   0.019   0.000  Mmux_out3_rs_cy<11> (Mmux_out3_rs_cy<11>)
     MUXCY:CI->O           1   0.019   0.000  Mmux_out3_rs_cy<12> (Mmux_out3_rs_cy<12>)
     MUXCY:CI->O           1   0.019   0.000  Mmux_out3_rs_cy<13> (Mmux_out3_rs_cy<13>)
     MUXCY:CI->O           0   0.019   0.000  Mmux_out3_rs_cy<14> (Mmux_out3_rs_cy<14>)
     XORCY:CI->O           1   0.180   0.944  Mmux_out3_rs_xor<15> (Mmux_out3_split<15>)
     LUT6:I0->O            1   0.203   0.579  Mmux_out771 (out_15_OBUF)
     OBUF:I->O                 2.571          out_15_OBUF (out<15>)
    ----------------------------------------
    Total                      7.862ns (4.819ns logic, 3.043ns route)
                                       (61.3% logic, 38.7% route)

=========================================================================

Cross Clock Domains Report:
--------------------------

=========================================================================


Total REAL time to Xst completion: 6.00 secs
Total CPU time to Xst completion: 5.53 secs
 
--> 

Total memory usage is 298268 kilobytes

Number of errors   :    0 (   0 filtered)
Number of warnings :    2 (   0 filtered)
Number of infos    :    1 (   0 filtered)

